<?xml version="1.0" encoding="UTF-8"?>
<!-- Generated by org.testng.reporters.JUnitXMLReporter -->
<testsuite hostname="PC-02" ignored="1" name="Test" tests="4" failures="0" timestamp="2021-04-04T22:21:14 BST" time="1.195" errors="0">
  <testcase name="@BeforeMethod startApp" time="0.699" classname="week5.day2.classassignments.PreandPost">
    <failure type="io.github.bonigarcia.wdm.config.WebDriverManagerException" message="io.github.bonigarcia.wdm.config.WebDriverManagerException: java.net.SocketException: Permission denied: connect">
      <![CDATA[io.github.bonigarcia.wdm.config.WebDriverManagerException: io.github.bonigarcia.wdm.config.WebDriverManagerException: java.net.SocketException: Permission denied: connect
at io.github.bonigarcia.wdm.WebDriverManager.handleException(WebDriverManager.java:749)
at io.github.bonigarcia.wdm.WebDriverManager.manage(WebDriverManager.java:555)
at io.github.bonigarcia.wdm.WebDriverManager.handleException(WebDriverManager.java:746)
at io.github.bonigarcia.wdm.WebDriverManager.manage(WebDriverManager.java:555)
at io.github.bonigarcia.wdm.WebDriverManager.setup(WebDriverManager.java:285)
at week5.day2.classassignments.PreandPost.startApp(PreandPost.java:15)
at java.util.concurrent.ThreadPoolExecutor.runWorker(ThreadPoolExecutor.java:1142)
at java.util.concurrent.ThreadPoolExecutor$Worker.run(ThreadPoolExecutor.java:617)
at java.lang.Thread.run(Thread.java:744)
Caused by: io.github.bonigarcia.wdm.config.WebDriverManagerException: java.net.SocketException: Permission denied: connect
at io.github.bonigarcia.wdm.WebDriverManager.getDriversFromXml(WebDriverManager.java:873)
at io.github.bonigarcia.wdm.managers.ChromeDriverManager.getDriverUrls(ChromeDriverManager.java:101)
at io.github.bonigarcia.wdm.WebDriverManager.createUrlHandler(WebDriverManager.java:755)
at io.github.bonigarcia.wdm.WebDriverManager.download(WebDriverManager.java:627)
at io.github.bonigarcia.wdm.WebDriverManager.manage(WebDriverManager.java:549)
... 23 more
Caused by: java.net.SocketException: Permission denied: connect
at java.net.DualStackPlainSocketImpl.waitForConnect(Native Method)
at java.net.DualStackPlainSocketImpl.socketConnect(DualStackPlainSocketImpl.java:85)
at java.net.AbstractPlainSocketImpl.doConnect(AbstractPlainSocketImpl.java:345)
at java.net.AbstractPlainSocketImpl.connectToAddress(AbstractPlainSocketImpl.java:206)
at java.net.AbstractPlainSocketImpl.connect(AbstractPlainSocketImpl.java:188)
at java.net.PlainSocketImpl.connect(PlainSocketImpl.java:172)
at java.net.SocksSocketImpl.connect(SocksSocketImpl.java:392)
at java.net.Socket.connect(Socket.java:589)
at org.apache.hc.client5.http.ssl.SSLConnectionSocketFactory$1.run(SSLConnectionSocketFactory.java:222)
at java.security.AccessController.doPrivileged(Native Method)
at org.apache.hc.client5.http.ssl.SSLConnectionSocketFactory.connectSocket(SSLConnectionSocketFactory.java:219)
at org.apache.hc.client5.http.impl.io.DefaultHttpClientConnectionOperator.connect(DefaultHttpClientConnectionOperator.java:148)
at org.apache.hc.client5.http.impl.io.PoolingHttpClientConnectionManager.connect(PoolingHttpClientConnectionManager.java:413)
at org.apache.hc.client5.http.impl.classic.InternalExecRuntime.connectEndpoint(InternalExecRuntime.java:164)
at org.apache.hc.client5.http.impl.classic.InternalExecRuntime.connectEndpoint(InternalExecRuntime.java:174)
at org.apache.hc.client5.http.impl.classic.ConnectExec.execute(ConnectExec.java:135)
at org.apache.hc.client5.http.impl.classic.ExecChainElement.execute(ExecChainElement.java:51)
at org.apache.hc.client5.http.impl.classic.ExecChainElement$1.proceed(ExecChainElement.java:57)
at org.apache.hc.client5.http.impl.classic.ProtocolExec.execute(ProtocolExec.java:169)
at org.apache.hc.client5.http.impl.classic.ExecChainElement.execute(ExecChainElement.java:51)
at org.apache.hc.client5.http.impl.classic.ExecChainElement$1.proceed(ExecChainElement.java:57)
at org.apache.hc.client5.http.impl.classic.HttpRequestRetryExec.execute(HttpRequestRetryExec.java:93)
at org.apache.hc.client5.http.impl.classic.ExecChainElement.execute(ExecChainElement.java:51)
at org.apache.hc.client5.http.impl.classic.ExecChainElement$1.proceed(ExecChainElement.java:57)
at org.apache.hc.client5.http.impl.classic.ContentCompressionExec.execute(ContentCompressionExec.java:128)
at org.apache.hc.client5.http.impl.classic.ExecChainElement.execute(ExecChainElement.java:51)
at org.apache.hc.client5.http.impl.classic.ExecChainElement$1.proceed(ExecChainElement.java:57)
at org.apache.hc.client5.http.impl.classic.RedirectExec.execute(RedirectExec.java:116)
at org.apache.hc.client5.http.impl.classic.ExecChainElement.execute(ExecChainElement.java:51)
at org.apache.hc.client5.http.impl.classic.InternalHttpClient.doExecute(InternalHttpClient.java:178)
at org.apache.hc.client5.http.impl.classic.CloseableHttpClient.execute(CloseableHttpClient.java:75)
at org.apache.hc.client5.http.impl.classic.CloseableHttpClient.execute(CloseableHttpClient.java:89)
at io.github.bonigarcia.wdm.online.HttpClient.execute(HttpClient.java:138)
at io.github.bonigarcia.wdm.WebDriverManager.getDriversFromXml(WebDriverManager.java:858)
... 27 more
... Removed 16 stack frames]]>
    </failure>
  </testcase> <!-- @BeforeMethod startApp -->
  <testcase name="@AfterMethod closeApp" time="-1.617571273781E9" classname="week5.day2.classassignments.PreandPost">
    <skipped/>
  </testcase> <!-- @AfterMethod closeApp -->
  <testcase name="@BeforeMethod startApp" time="1.133" classname="week5.day2.classassignments.PreandPost">
    <failure type="io.github.bonigarcia.wdm.config.WebDriverManagerException" message="io.github.bonigarcia.wdm.config.WebDriverManagerException: java.net.SocketException: Permission denied: connect">
      <![CDATA[io.github.bonigarcia.wdm.config.WebDriverManagerException: io.github.bonigarcia.wdm.config.WebDriverManagerException: java.net.SocketException: Permission denied: connect
at io.github.bonigarcia.wdm.WebDriverManager.handleException(WebDriverManager.java:749)
at io.github.bonigarcia.wdm.WebDriverManager.manage(WebDriverManager.java:555)
at io.github.bonigarcia.wdm.WebDriverManager.handleException(WebDriverManager.java:746)
at io.github.bonigarcia.wdm.WebDriverManager.manage(WebDriverManager.java:555)
at io.github.bonigarcia.wdm.WebDriverManager.setup(WebDriverManager.java:285)
at week5.day2.classassignments.PreandPost.startApp(PreandPost.java:15)
at java.util.concurrent.ThreadPoolExecutor.runWorker(ThreadPoolExecutor.java:1142)
at java.util.concurrent.ThreadPoolExecutor$Worker.run(ThreadPoolExecutor.java:617)
at java.lang.Thread.run(Thread.java:744)
Caused by: io.github.bonigarcia.wdm.config.WebDriverManagerException: java.net.SocketException: Permission denied: connect
at io.github.bonigarcia.wdm.WebDriverManager.getDriversFromXml(WebDriverManager.java:873)
at io.github.bonigarcia.wdm.managers.ChromeDriverManager.getDriverUrls(ChromeDriverManager.java:101)
at io.github.bonigarcia.wdm.WebDriverManager.createUrlHandler(WebDriverManager.java:755)
at io.github.bonigarcia.wdm.WebDriverManager.download(WebDriverManager.java:627)
at io.github.bonigarcia.wdm.WebDriverManager.manage(WebDriverManager.java:549)
... 23 more
Caused by: java.net.SocketException: Permission denied: connect
at java.net.DualStackPlainSocketImpl.waitForConnect(Native Method)
at java.net.DualStackPlainSocketImpl.socketConnect(DualStackPlainSocketImpl.java:85)
at java.net.AbstractPlainSocketImpl.doConnect(AbstractPlainSocketImpl.java:345)
at java.net.AbstractPlainSocketImpl.connectToAddress(AbstractPlainSocketImpl.java:206)
at java.net.AbstractPlainSocketImpl.connect(AbstractPlainSocketImpl.java:188)
at java.net.PlainSocketImpl.connect(PlainSocketImpl.java:172)
at java.net.SocksSocketImpl.connect(SocksSocketImpl.java:392)
at java.net.Socket.connect(Socket.java:589)
at org.apache.hc.client5.http.ssl.SSLConnectionSocketFactory$1.run(SSLConnectionSocketFactory.java:222)
at java.security.AccessController.doPrivileged(Native Method)
at org.apache.hc.client5.http.ssl.SSLConnectionSocketFactory.connectSocket(SSLConnectionSocketFactory.java:219)
at org.apache.hc.client5.http.impl.io.DefaultHttpClientConnectionOperator.connect(DefaultHttpClientConnectionOperator.java:148)
at org.apache.hc.client5.http.impl.io.PoolingHttpClientConnectionManager.connect(PoolingHttpClientConnectionManager.java:413)
at org.apache.hc.client5.http.impl.classic.InternalExecRuntime.connectEndpoint(InternalExecRuntime.java:164)
at org.apache.hc.client5.http.impl.classic.InternalExecRuntime.connectEndpoint(InternalExecRuntime.java:174)
at org.apache.hc.client5.http.impl.classic.ConnectExec.execute(ConnectExec.java:135)
at org.apache.hc.client5.http.impl.classic.ExecChainElement.execute(ExecChainElement.java:51)
at org.apache.hc.client5.http.impl.classic.ExecChainElement$1.proceed(ExecChainElement.java:57)
at org.apache.hc.client5.http.impl.classic.ProtocolExec.execute(ProtocolExec.java:169)
at org.apache.hc.client5.http.impl.classic.ExecChainElement.execute(ExecChainElement.java:51)
at org.apache.hc.client5.http.impl.classic.ExecChainElement$1.proceed(ExecChainElement.java:57)
at org.apache.hc.client5.http.impl.classic.HttpRequestRetryExec.execute(HttpRequestRetryExec.java:93)
at org.apache.hc.client5.http.impl.classic.ExecChainElement.execute(ExecChainElement.java:51)
at org.apache.hc.client5.http.impl.classic.ExecChainElement$1.proceed(ExecChainElement.java:57)
at org.apache.hc.client5.http.impl.classic.ContentCompressionExec.execute(ContentCompressionExec.java:128)
at org.apache.hc.client5.http.impl.classic.ExecChainElement.execute(ExecChainElement.java:51)
at org.apache.hc.client5.http.impl.classic.ExecChainElement$1.proceed(ExecChainElement.java:57)
at org.apache.hc.client5.http.impl.classic.RedirectExec.execute(RedirectExec.java:116)
at org.apache.hc.client5.http.impl.classic.ExecChainElement.execute(ExecChainElement.java:51)
at org.apache.hc.client5.http.impl.classic.InternalHttpClient.doExecute(InternalHttpClient.java:178)
at org.apache.hc.client5.http.impl.classic.CloseableHttpClient.execute(CloseableHttpClient.java:75)
at org.apache.hc.client5.http.impl.classic.CloseableHttpClient.execute(CloseableHttpClient.java:89)
at io.github.bonigarcia.wdm.online.HttpClient.execute(HttpClient.java:138)
at io.github.bonigarcia.wdm.WebDriverManager.getDriversFromXml(WebDriverManager.java:858)
... 27 more
... Removed 16 stack frames]]>
    </failure>
  </testcase> <!-- @BeforeMethod startApp -->
  <testcase name="@AfterMethod closeApp" time="-1.617571274204E9" classname="week5.day2.classassignments.PreandPost">
    <skipped/>
  </testcase> <!-- @AfterMethod closeApp -->
  <testcase name="@BeforeMethod startApp" time="-1.617571274204E9" classname="week5.day2.classassignments.PreandPost">
    <skipped/>
  </testcase> <!-- @BeforeMethod startApp -->
  <testcase name="@AfterMethod closeApp" time="-1.61757127422E9" classname="week5.day2.classassignments.PreandPost">
    <skipped/>
  </testcase> <!-- @AfterMethod closeApp -->
  <testcase name="createLead5" time="0.0" classname="week5.day2.classassignments.CreateLead5">
    <skipped/>
  </testcase> <!-- createLead5 -->
  <testcase name="deleteLead5" time="0.0" classname="week5.day2.classassignments.DeleteLead5">
    <skipped/>
  </testcase> <!-- deleteLead5 -->
  <testcase name="createLead5" time="0.0" classname="week5.day2.classassignments.CreateLead5">
    <skipped/>
  </testcase> <!-- createLead5 -->
  <testcase name="editLead5" time="0.0" classname="week5.day2.classassignments.EditLead5">
    <skipped/>
  </testcase> <!-- editLead5 -->
  <testcase name="mergeLead5" time="0.0" classname="week5.day2.classassignments.MergeLead5">
    <ignored/>
  </testcase> <!-- mergeLead5 -->
</testsuite> <!-- Test -->
