<?xml version="1.0" encoding="UTF-8"?>
<!-- Generated by org.testng.reporters.JUnitXMLReporter -->
<testsuite hostname="PC-02" ignored="1" name="Default test(failed)" tests="1" failures="1" timestamp="2020-10-23T00:06:09 BST" time="0.094" errors="0">
  <testcase name="createLead" time="0.011" classname="week6.day1.testNgDay3.LeafTapsTestCases">
    <failure type="java.util.NoSuchElementException">
      <![CDATA[java.util.NoSuchElementException
at week6.day1.testNgDay3.LeafTapsTestCases.createLead(LeafTapsTestCases.java:12)
at java.util.ArrayList.forEach(Unknown Source)
... Removed 28 stack frames]]>
    </failure>
  </testcase> <!-- createLead -->
  <testcase name="editLead" time="0.0" classname="week6.day1.testNgDay3.LeafTapsTestCases">
    <ignored/>
  </testcase> <!-- editLead -->
</testsuite> <!-- Default test(failed) -->
